c:\users\vicen\desktop\vector engine\imgui-master\examples\example_glfw_opengl3\debug\vc142.pdb
c:\users\vicen\desktop\vector engine\imgui-master\examples\example_glfw_opengl3\debug\vc142.idb
c:\users\vicen\desktop\vector engine\imgui-master\examples\example_glfw_opengl3\debug\texture.obj
c:\users\vicen\desktop\vector engine\imgui-master\examples\example_glfw_opengl3\debug\model.obj
c:\users\vicen\desktop\vector engine\imgui-master\examples\example_glfw_opengl3\debug\light.obj
c:\users\vicen\desktop\vector engine\imgui-master\examples\example_glfw_opengl3\debug\camera.obj
c:\users\vicen\desktop\vector engine\imgui-master\examples\example_glfw_opengl3\debug\imgui_impl_opengl3.obj
c:\users\vicen\desktop\vector engine\imgui-master\examples\example_glfw_opengl3\debug\imgui_impl_glfw.obj
c:\users\vicen\desktop\vector engine\imgui-master\examples\example_glfw_opengl3\debug\imgui_widgets.obj
c:\users\vicen\desktop\vector engine\imgui-master\examples\example_glfw_opengl3\debug\imgui_draw.obj
c:\users\vicen\desktop\vector engine\imgui-master\examples\example_glfw_opengl3\debug\imgui_demo.obj
c:\users\vicen\desktop\vector engine\imgui-master\examples\example_glfw_opengl3\debug\imgui.obj
c:\users\vicen\desktop\vector engine\imgui-master\examples\example_glfw_opengl3\debug\shader.obj
c:\users\vicen\desktop\vector engine\imgui-master\examples\example_glfw_opengl3\debug\main.obj
c:\users\vicen\desktop\vector engine\imgui-master\examples\example_glfw_opengl3\debug\gl3w.obj
c:\users\vicen\desktop\vector engine\imgui-master\examples\example_glfw_opengl3\debug\example_glfw_opengl3.exe
c:\users\vicen\desktop\vector engine\imgui-master\examples\example_glfw_opengl3\debug\example_glfw_opengl3.ilk
c:\users\vicen\desktop\vector engine\imgui-master\examples\example_glfw_opengl3\debug\example_glfw_opengl3.pdb
c:\users\vicen\desktop\vector engine\imgui-master\examples\example_glfw_opengl3\debug\example_.4a1fb5ea.tlog\cl.command.1.tlog
c:\users\vicen\desktop\vector engine\imgui-master\examples\example_glfw_opengl3\debug\example_.4a1fb5ea.tlog\cl.read.1.tlog
c:\users\vicen\desktop\vector engine\imgui-master\examples\example_glfw_opengl3\debug\example_.4a1fb5ea.tlog\cl.write.1.tlog
c:\users\vicen\desktop\vector engine\imgui-master\examples\example_glfw_opengl3\debug\example_.4a1fb5ea.tlog\link.command.1.tlog
c:\users\vicen\desktop\vector engine\imgui-master\examples\example_glfw_opengl3\debug\example_.4a1fb5ea.tlog\link.read.1.tlog
c:\users\vicen\desktop\vector engine\imgui-master\examples\example_glfw_opengl3\debug\example_.4a1fb5ea.tlog\link.write.1.tlog
